  Connection.cpp
  Server.cpp
c:\program files (x86)\windows kits\10\include\10.0.17134.0\shared\inaddr.h(19): warning C4067: непредвиденные лексемы за директивой препроцессора, требуется newline
c:\program files (x86)\windows kits\10\include\10.0.17134.0\shared\ws2def.h(642): error C3646: sin_addr: неизвестный спецификатор переопределения
c:\program files (x86)\windows kits\10\include\10.0.17134.0\shared\ws2def.h(642): error C4430: отсутствует спецификатор типа - предполагается int. Примечание. C++ не поддерживает int по умолчанию
c:\program files (x86)\windows kits\10\include\10.0.17134.0\shared\ws2ipdef.h(338): error C4430: отсутствует спецификатор типа - предполагается int. Примечание. C++ не поддерживает int по умолчанию
c:\program files (x86)\windows kits\10\include\10.0.17134.0\shared\ws2ipdef.h(338): error C2146: синтаксическая ошибка: отсутствие ";" перед идентификатором "in4addr_any"
c:\program files (x86)\windows kits\10\include\10.0.17134.0\shared\ws2ipdef.h(339): error C4430: отсутствует спецификатор типа - предполагается int. Примечание. C++ не поддерживает int по умолчанию
c:\program files (x86)\windows kits\10\include\10.0.17134.0\shared\ws2ipdef.h(339): error C2146: синтаксическая ошибка: отсутствие ";" перед идентификатором "in4addr_loopback"
c:\program files (x86)\windows kits\10\include\10.0.17134.0\shared\ws2ipdef.h(340): error C4430: отсутствует спецификатор типа - предполагается int. Примечание. C++ не поддерживает int по умолчанию
c:\program files (x86)\windows kits\10\include\10.0.17134.0\shared\ws2ipdef.h(340): error C2146: синтаксическая ошибка: отсутствие ";" перед идентификатором "in4addr_broadcast"
c:\program files (x86)\windows kits\10\include\10.0.17134.0\shared\ws2ipdef.h(341): error C4430: отсутствует спецификатор типа - предполагается int. Примечание. C++ не поддерживает int по умолчанию
c:\program files (x86)\windows kits\10\include\10.0.17134.0\shared\ws2ipdef.h(341): error C2146: синтаксическая ошибка: отсутствие ";" перед идентификатором "in4addr_allnodesonlink"
c:\program files (x86)\windows kits\10\include\10.0.17134.0\shared\ws2ipdef.h(342): error C4430: отсутствует спецификатор типа - предполагается int. Примечание. C++ не поддерживает int по умолчанию
c:\program files (x86)\windows kits\10\include\10.0.17134.0\shared\ws2ipdef.h(342): error C2146: синтаксическая ошибка: отсутствие ";" перед идентификатором "in4addr_allroutersonlink"
c:\program files (x86)\windows kits\10\include\10.0.17134.0\shared\ws2ipdef.h(343): error C4430: отсутствует спецификатор типа - предполагается int. Примечание. C++ не поддерживает int по умолчанию
c:\program files (x86)\windows kits\10\include\10.0.17134.0\shared\ws2ipdef.h(343): error C2146: синтаксическая ошибка: отсутствие ";" перед идентификатором "in4addr_alligmpv3routersonlink"
c:\program files (x86)\windows kits\10\include\10.0.17134.0\shared\ws2ipdef.h(344): error C4430: отсутствует спецификатор типа - предполагается int. Примечание. C++ не поддерживает int по умолчанию
c:\program files (x86)\windows kits\10\include\10.0.17134.0\shared\ws2ipdef.h(344): error C2146: синтаксическая ошибка: отсутствие ";" перед идентификатором "in4addr_allteredohostsonlink"
c:\program files (x86)\windows kits\10\include\10.0.17134.0\shared\ws2ipdef.h(345): error C4430: отсутствует спецификатор типа - предполагается int. Примечание. C++ не поддерживает int по умолчанию
c:\program files (x86)\windows kits\10\include\10.0.17134.0\shared\ws2ipdef.h(345): error C2146: синтаксическая ошибка: отсутствие ";" перед идентификатором "in4addr_linklocalprefix"
c:\program files (x86)\windows kits\10\include\10.0.17134.0\shared\ws2ipdef.h(346): error C4430: отсутствует спецификатор типа - предполагается int. Примечание. C++ не поддерживает int по умолчанию
c:\program files (x86)\windows kits\10\include\10.0.17134.0\shared\ws2ipdef.h(346): error C2146: синтаксическая ошибка: отсутствие ";" перед идентификатором "in4addr_multicastprefix"
c:\program files (x86)\windows kits\10\include\10.0.17134.0\shared\ws2ipdef.h(739): error C3646: imr_multiaddr: неизвестный спецификатор переопределения
c:\program files (x86)\windows kits\10\include\10.0.17134.0\shared\ws2ipdef.h(739): error C4430: отсутствует спецификатор типа - предполагается int. Примечание. C++ не поддерживает int по умолчанию
c:\program files (x86)\windows kits\10\include\10.0.17134.0\shared\ws2ipdef.h(740): error C3646: imr_interface: неизвестный спецификатор переопределения
c:\program files (x86)\windows kits\10\include\10.0.17134.0\shared\ws2ipdef.h(740): error C4430: отсутствует спецификатор типа - предполагается int. Примечание. C++ не поддерживает int по умолчанию
c:\program files (x86)\windows kits\10\include\10.0.17134.0\shared\ws2ipdef.h(748): error C3646: imr_multiaddr: неизвестный спецификатор переопределения
c:\program files (x86)\windows kits\10\include\10.0.17134.0\shared\ws2ipdef.h(748): error C4430: отсутствует спецификатор типа - предполагается int. Примечание. C++ не поддерживает int по умолчанию
c:\program files (x86)\windows kits\10\include\10.0.17134.0\shared\ws2ipdef.h(749): error C3646: imr_sourceaddr: неизвестный спецификатор переопределения
c:\program files (x86)\windows kits\10\include\10.0.17134.0\shared\ws2ipdef.h(749): error C4430: отсутствует спецификатор типа - предполагается int. Примечание. C++ не поддерживает int по умолчанию
c:\program files (x86)\windows kits\10\include\10.0.17134.0\shared\ws2ipdef.h(750): error C3646: imr_interface: неизвестный спецификатор переопределения
c:\program files (x86)\windows kits\10\include\10.0.17134.0\shared\ws2ipdef.h(750): error C4430: отсутствует спецификатор типа - предполагается int. Примечание. C++ не поддерживает int по умолчанию
c:\program files (x86)\windows kits\10\include\10.0.17134.0\shared\ws2ipdef.h(757): error C3646: imsf_multiaddr: неизвестный спецификатор переопределения
c:\program files (x86)\windows kits\10\include\10.0.17134.0\shared\ws2ipdef.h(757): error C4430: отсутствует спецификатор типа - предполагается int. Примечание. C++ не поддерживает int по умолчанию
c:\program files (x86)\windows kits\10\include\10.0.17134.0\shared\ws2ipdef.h(758): error C3646: imsf_interface: неизвестный спецификатор переопределения
c:\program files (x86)\windows kits\10\include\10.0.17134.0\shared\ws2ipdef.h(758): error C4430: отсутствует спецификатор типа - предполагается int. Примечание. C++ не поддерживает int по умолчанию
c:\program files (x86)\windows kits\10\include\10.0.17134.0\shared\ws2ipdef.h(761): error C3646: imsf_slist: неизвестный спецификатор переопределения
c:\program files (x86)\windows kits\10\include\10.0.17134.0\shared\ws2ipdef.h(761): error C2143: синтаксическая ошибка: отсутствие "," перед "["
c:\program files (x86)\windows kits\10\include\10.0.17134.0\shared\ws2ipdef.h(761): error C2143: синтаксическая ошибка: отсутствие ")" перед ";"
c:\program files (x86)\windows kits\10\include\10.0.17134.0\shared\ws2ipdef.h(761): error C2238: непредвиденные лексемы перед ";"
c:\program files (x86)\windows kits\10\include\10.0.17134.0\shared\ws2ipdef.h(874): error C3646: ipi_addr: неизвестный спецификатор переопределения
c:\program files (x86)\windows kits\10\include\10.0.17134.0\shared\ws2ipdef.h(874): error C4430: отсутствует спецификатор типа - предполагается int. Примечание. C++ не поддерживает int по умолчанию
c:\program files (x86)\windows kits\10\include\10.0.17134.0\shared\ws2ipdef.h(878): error C2118: отрицательный индекс
c:\program files (x86)\windows kits\10\include\10.0.17134.0\shared\ws2ipdef.h(898): error C2118: отрицательный индекс
c:\program files (x86)\windows kits\10\include\10.0.17134.0\um\ws2tcpip.h(731): error C2061: синтаксическая ошибка: идентификатор "IN_ADDR"
c:\program files (x86)\windows kits\10\include\10.0.17134.0\um\ws2tcpip.h(742): error C2065: SourceCount: необъявленный идентификатор
c:\program files (x86)\windows kits\10\include\10.0.17134.0\um\ws2tcpip.h(743): error C2065: SourceList: необъявленный идентификатор
c:\program files (x86)\windows kits\10\include\10.0.17134.0\um\ws2tcpip.h(748): error C2065: SourceCount: необъявленный идентификатор
c:\program files (x86)\windows kits\10\include\10.0.17134.0\um\ws2tcpip.h(755): error C2039: imsf_multiaddr: не является членом "ip_msfilter"
  c:\program files (x86)\windows kits\10\include\10.0.17134.0\shared\ws2ipdef.h(756): note:  см. объявление "ip_msfilter"
c:\program files (x86)\windows kits\10\include\10.0.17134.0\um\ws2tcpip.h(755): error C2065: Group: необъявленный идентификатор
c:\program files (x86)\windows kits\10\include\10.0.17134.0\um\ws2tcpip.h(756): error C2039: imsf_interface: не является членом "ip_msfilter"
  c:\program files (x86)\windows kits\10\include\10.0.17134.0\shared\ws2ipdef.h(756): note:  см. объявление "ip_msfilter"
c:\program files (x86)\windows kits\10\include\10.0.17134.0\um\ws2tcpip.h(756): error C2065: Interface: необъявленный идентификатор
c:\program files (x86)\windows kits\10\include\10.0.17134.0\um\ws2tcpip.h(757): error C2065: FilterMode: необъявленный идентификатор
c:\program files (x86)\windows kits\10\include\10.0.17134.0\um\ws2tcpip.h(758): error C2065: SourceCount: необъявленный идентификатор
c:\program files (x86)\windows kits\10\include\10.0.17134.0\um\ws2tcpip.h(759): error C2065: SourceCount: необъявленный идентификатор
c:\program files (x86)\windows kits\10\include\10.0.17134.0\um\ws2tcpip.h(761): error C2039: imsf_slist: не является членом "ip_msfilter"
  c:\program files (x86)\windows kits\10\include\10.0.17134.0\shared\ws2ipdef.h(756): note:  см. объявление "ip_msfilter"
c:\program files (x86)\windows kits\10\include\10.0.17134.0\um\ws2tcpip.h(760): error C2065: SourceList: необъявленный идентификатор
c:\program files (x86)\windows kits\10\include\10.0.17134.0\um\ws2tcpip.h(760): error C2065: SourceCount: необъявленный идентификатор
c:\program files (x86)\windows kits\10\include\10.0.17134.0\um\ws2tcpip.h(760): error C2660: memcpy: функция не принимает 2 аргументов
  c:\program files (x86)\microsoft visual studio\2017\community\vc\tools\msvc\14.15.26726\include\vcruntime_string.h(40): note:  см. объявление "memcpy"
c:\program files (x86)\windows kits\10\include\10.0.17134.0\um\ws2tcpip.h(777): error C2061: синтаксическая ошибка: идентификатор "IN_ADDR"
c:\program files (x86)\windows kits\10\include\10.0.17134.0\um\ws2tcpip.h(788): error C2065: SourceCount: необъявленный идентификатор
c:\program files (x86)\windows kits\10\include\10.0.17134.0\um\ws2tcpip.h(789): error C2065: SourceList: необъявленный идентификатор
c:\program files (x86)\windows kits\10\include\10.0.17134.0\um\ws2tcpip.h(794): error C2065: SourceCount: необъявленный идентификатор
c:\program files (x86)\windows kits\10\include\10.0.17134.0\um\ws2tcpip.h(801): error C2039: imsf_multiaddr: не является членом "ip_msfilter"
  c:\program files (x86)\windows kits\10\include\10.0.17134.0\shared\ws2ipdef.h(756): note:  см. объявление "ip_msfilter"
c:\program files (x86)\windows kits\10\include\10.0.17134.0\um\ws2tcpip.h(801): error C2065: Group: необъявленный идентификатор
c:\program files (x86)\windows kits\10\include\10.0.17134.0\um\ws2tcpip.h(802): error C2039: imsf_interface: не является членом "ip_msfilter"
  c:\program files (x86)\windows kits\10\include\10.0.17134.0\shared\ws2ipdef.h(756): note:  см. объявление "ip_msfilter"
c:\program files (x86)\windows kits\10\include\10.0.17134.0\um\ws2tcpip.h(802): error C2065: Interface: необъявленный идентификатор
c:\program files (x86)\windows kits\10\include\10.0.17134.0\um\ws2tcpip.h(803): error C2065: SourceCount: необъявленный идентификатор
c:\program files (x86)\windows kits\10\include\10.0.17134.0\um\ws2tcpip.h(809): error C2065: SourceCount: необъявленный идентификатор
c:\program files (x86)\windows kits\10\include\10.0.17134.0\um\ws2tcpip.h(810): error C2065: SourceList: необъявленный идентификатор
c:\program files (x86)\windows kits\10\include\10.0.17134.0\um\ws2tcpip.h(811): error C2039: imsf_slist: не является членом "ip_msfilter"
  c:\program files (x86)\windows kits\10\include\10.0.17134.0\shared\ws2ipdef.h(756): note:  см. объявление "ip_msfilter"
c:\program files (x86)\windows kits\10\include\10.0.17134.0\um\ws2tcpip.h(810): error C2065: SourceCount: необъявленный идентификатор
c:\program files (x86)\windows kits\10\include\10.0.17134.0\um\ws2tcpip.h(812): error C2065: SourceCount: необъявленный идентификатор
c:\program files (x86)\windows kits\10\include\10.0.17134.0\um\ws2tcpip.h(814): error C2065: FilterMode: необъявленный идентификатор
c:\users\vlads\source\repos\project2\project2\server.cpp(41): error C2039: sin_addr: не является членом "sockaddr_in"
  c:\program files (x86)\windows kits\10\include\10.0.17134.0\um\winsock2.h(4140): note:  см. объявление "sockaddr_in"
c:\users\vlads\source\repos\project2\project2\server.cpp(77): warning C4018: <: несоответствие типов со знаком и без знака
c:\users\vlads\source\repos\project2\project2\server.cpp(95): error C2039: sin_addr: не является членом "sockaddr_in"
  c:\program files (x86)\windows kits\10\include\10.0.17134.0\um\winsock2.h(4140): note:  см. объявление "sockaddr_in"
c:\users\vlads\source\repos\project2\project2\server.cpp(121): warning C4018: <: несоответствие типов со знаком и без знака
  Создание кода...
